CRITICAL - 2022-03-19 18:06:47 --> Cannot decrement CodeIgniter\Router\RouteCollection
#0 C:\bancoRest\system\CodeIgniter.php(713): require()
#1 C:\bancoRest\system\CodeIgniter.php(368): CodeIgniter\CodeIgniter->tryToRouteIt(Object(CodeIgniter\Router\RouteCollection))
#2 C:\bancoRest\system\CodeIgniter.php(326): CodeIgniter\CodeIgniter->handleRequest(NULL, Object(Config\Cache), false)
#3 C:\bancoRest\public\index.php(37): CodeIgniter\CodeIgniter->run()
#4 C:\bancoRest\system\Commands\Server\rewrite.php(43): require_once('C:\\bancoRest\\pu...')
#5 {main}
CRITICAL - 2022-03-19 18:08:18 --> Cannot decrement CodeIgniter\Router\RouteCollection
#0 C:\bancoRest\system\CodeIgniter.php(713): require()
#1 C:\bancoRest\system\CodeIgniter.php(368): CodeIgniter\CodeIgniter->tryToRouteIt(Object(CodeIgniter\Router\RouteCollection))
#2 C:\bancoRest\system\CodeIgniter.php(326): CodeIgniter\CodeIgniter->handleRequest(NULL, Object(Config\Cache), false)
#3 C:\bancoRest\system\CLI\Console.php(48): CodeIgniter\CodeIgniter->run()
#4 C:\bancoRest\spark(63): CodeIgniter\CLI\Console->run()
#5 {main}
CRITICAL - 2022-03-19 18:50:31 --> Call to a member function findAll() on null
#0 C:\bancoRest\system\CodeIgniter.php(832): App\Controllers\API\Clientes->index()
#1 C:\bancoRest\system\CodeIgniter.php(419): CodeIgniter\CodeIgniter->runController(Object(App\Controllers\API\Clientes))
#2 C:\bancoRest\system\CodeIgniter.php(326): CodeIgniter\CodeIgniter->handleRequest(NULL, Object(Config\Cache), false)
#3 C:\bancoRest\public\index.php(37): CodeIgniter\CodeIgniter->run()
#4 C:\bancoRest\system\Commands\Server\rewrite.php(43): require_once('C:\\bancoRest\\pu...')
#5 {main}
CRITICAL - 2022-03-19 18:54:28 --> Call to a member function findAll() on null
#0 C:\bancoRest\system\CodeIgniter.php(832): App\Controllers\API\Clientes->index()
#1 C:\bancoRest\system\CodeIgniter.php(419): CodeIgniter\CodeIgniter->runController(Object(App\Controllers\API\Clientes))
#2 C:\bancoRest\system\CodeIgniter.php(326): CodeIgniter\CodeIgniter->handleRequest(NULL, Object(Config\Cache), false)
#3 C:\bancoRest\public\index.php(37): CodeIgniter\CodeIgniter->run()
#4 C:\bancoRest\system\Commands\Server\rewrite.php(43): require_once('C:\\bancoRest\\pu...')
#5 {main}
